<?xml version="1.0" encoding="UTF-8"?>
<!-- Generated by org.testng.reporters.JUnitReportReporter -->
<testsuite hostname="Vaibhavs-Air.fritz.box" failures="0" tests="5" name="testngkit.steps.JiraAPISteps_TestNG" time="2.590" errors="0" timestamp="2024-04-21T14:55:07 CEST" skipped="0">
  <testcase classname="testngkit.steps.JiraAPISteps_TestNG" name="verify_status_code_for_add_jira_ticket_api_is" time="0.000"/>
  <system-out/>
  <testcase classname="testngkit.steps.JiraAPISteps_TestNG" name="user_execute_add_jira_ticket_api_post_using_valid_data" time="0.667"/>
  <system-out/>
  <testcase classname="testngkit.steps.JiraAPISteps_TestNG" name="verify_jira_ticket_filter_by_id" time="1.214"/>
  <system-out/>
  <testcase classname="testngkit.steps.JiraAPISteps_TestNG" name="verify_update_jira_is_working" time="0.708"/>
  <system-out/>
  <testcase classname="testngkit.steps.JiraAPISteps_TestNG" name="verify_created_jira_ticket_id" time="0.001"/>
  <system-out/>
</testsuite> <!-- testngkit.steps.JiraAPISteps_TestNG -->
