<?xml version="1.0" encoding="UTF-8"?>
<!-- Generated by org.testng.reporters.JUnitReportReporter -->
<testsuite hostname="Vaibhavs-Air.fritz.box" failures="0" tests="3" name="testngkit.steps.AddBookSteps_TestNG" time="0.451" errors="0" timestamp="2024-04-21T14:55:07 CEST" skipped="0">
  <testcase classname="testngkit.steps.AddBookSteps_TestNG" name="verify_status_code_for_api_is" time="0.001"/>
  <system-out/>
  <testcase classname="testngkit.steps.AddBookSteps_TestNG" name="user_execute_add_book_request_api_post_using_valid_data" time="0.450"/>
  <system-out/>
  <testcase classname="testngkit.steps.AddBookSteps_TestNG" name="verify_added_book_id" time="0.000"/>
  <system-out/>
</testsuite> <!-- testngkit.steps.AddBookSteps_TestNG -->
